<?xml version="1.0" encoding="UTF-8"?>
<!-- Generated by org.testng.reporters.JUnitXMLReporter -->
<testsuite hostname="DBS-NOTE-228" ignored="0" name="Default test" tests="3" failures="0" timestamp="2020-05-21T01:08:35 BRT" time="10.251" errors="0">
  <testcase name="consulta_cep_inexistente" time="6.826" classname="validacepapi.ValidaCepTests"/>
  <testcase name="consulta_cep_invalido" time="1.303" classname="validacepapi.ValidaCepTests"/>
  <testcase name="consulta_cep_valido" time="0.952" classname="validacepapi.ValidaCepTests"/>
</testsuite> <!-- Default test -->
